<?xml version="1.0" encoding="UTF-8"?>
<!-- Generated by org.testng.reporters.JUnitReportReporter -->
<testsuite hostname="QT-INNO-LT0205" failures="0" tests="3" name="TestRunner.PageRunner" time="39.602" errors="0" timestamp="2021-09-27T17:36:28 IST" skipped="0">
  <testcase classname="TestRunner.PageRunner" name="runScenario" time="13.761"/>
  <system-out/>
  <testcase classname="TestRunner.PageRunner" name="runScenario" time="14.226"/>
  <system-out/>
  <testcase classname="TestRunner.PageRunner" name="runScenario" time="11.615"/>
  <system-out/>
</testsuite> <!-- TestRunner.PageRunner -->
